Running in Lattice mode


Starting:    C:\ispLEVER_Classic1_7\synpbase\win64\mbin\synbatch.exe
Install:     C:\ispLEVER_Classic1_7\synpbase
Date:        Thu Apr 18 06:49:50 2019
Version:     G-2012.09LC-SP1 

Arguments:   -product synplify_pro  -batch u:/desktop/lab13\lab13_top.prj
ProductType: synplify_pro






log file: "U:\desktop\lab13\lab13_top.srr"

Running lab13_top|lab13
Running Compile on lab13_top|lab13
Running Compile Process on lab13_top|lab13
Running Compile Input on lab13_top|lab13
Copied U:\desktop\lab13\synwork\lab13_top_compiler.srs to U:\desktop\lab13\lab13_top.srs
compiler Completed with warnings
Return Code: 1
Run Time:0h:00m:02s

Copied U:\desktop\lab13\lab13_top.srr to U:\desktop\lab13\lab13_top.srf
Job Compile Process completed on lab13_top|lab13
Job Compile completed on lab13_top|lab13
Running Map on lab13_top|lab13
Running Map & Optimize on lab13_top|lab13
fpga_mapper Completed with warnings
Return Code: 1
Run Time:0h:00m:01s

Job Map completed on lab13_top|lab13
Copied U:\desktop\lab13\lab13_top.srr to U:\desktop\lab13\lab13_top.srf
Job Logic Synthesis completed on lab13_top|lab13


exit status=0


