Running in Lattice mode


Starting:    C:\ispLEVER_Classic1_7\synpbase\win64\mbin\synbatch.exe
Install:     C:\ispLEVER_Classic1_7\synpbase
Date:        Thu Apr 04 01:29:59 2019
Version:     G-2012.09LC-SP1 

Arguments:   -product synplify_pro  -batch u:/desktop/lab 11\lab11_top.prj
ProductType: synplify_pro






log file: "U:\desktop\lab 11\lab11_top.srr"

Running lab11_top|lab 11
Running Compile on lab11_top|lab 11
Running Compile Process on lab11_top|lab 11
Running Compile Input on lab11_top|lab 11
Copied U:\desktop\lab 11\synwork\lab11_top_compiler.srs to U:\desktop\lab 11\lab11_top.srs
compiler Completed with warnings
Return Code: 1
Run Time:0h:00m:02s

Copied U:\desktop\lab 11\lab11_top.srr to U:\desktop\lab 11\lab11_top.srf
Job Compile Process completed on lab11_top|lab 11
Job Compile completed on lab11_top|lab 11
Running Map on lab11_top|lab 11
Running Map & Optimize on lab11_top|lab 11
fpga_mapper Completed with warnings
Return Code: 1
Run Time:0h:00m:00s

Job Map completed on lab11_top|lab 11
Copied U:\desktop\lab 11\lab11_top.srr to U:\desktop\lab 11\lab11_top.srf
Job Logic Synthesis completed on lab11_top|lab 11


exit status=0


